0 info it worked if it ends with ok
1 verbose cli [ 'C:\\Program Files (x86)\\nodejs\\node.exe',
1 verbose cli   'C:\\Program Files (x86)\\nodejs\\node_modules\\npm\\bin\\npm-cli.js',
1 verbose cli   'start' ]
2 info using npm@3.10.10
3 info using node@v6.10.0
4 verbose run-script [ 'prestart', 'start', 'poststart' ]
5 info lifecycle product-management@1.0.0~prestart: product-management@1.0.0
6 silly lifecycle product-management@1.0.0~prestart: no script for prestart, continuing
7 info lifecycle product-management@1.0.0~start: product-management@1.0.0
8 verbose lifecycle product-management@1.0.0~start: unsafe-perm in lifecycle true
9 verbose lifecycle product-management@1.0.0~start: PATH: C:\Program Files (x86)\nodejs\node_modules\npm\bin\node-gyp-bin;C:\Users\Marco\Documents\GitHub\Angular2-GettingStarted\APM\node_modules\.bin;C:\ProgramData\Oracle\Java\javapath;C:\Program Files\nodejs;C:\WINDOWS\system32;C:\WINDOWS;C:\WINDOWS\System32\Wbem;C:\WINDOWS\System32\WindowsPowerShell\v1.0\;C:\Program Files\Microsoft SQL Server\120\Tools\Binn\;C:\Program Files\Microsoft\Web Platform Installer\;C:\ProgramData\chocolatey\bin;C:\ProgramData\chocolatey\lib\Cygwin\tools\cygwin;C:\Program Files\Microsoft SQL Server\110\Tools\Binn\;C:\Program Files (x86)\Microsoft SDKs\TypeScript\1.0\;C:\WINDOWS\system32;C:\WINDOWS;C:\WINDOWS\System32\Wbem;C:\WINDOWS\System32\WindowsPowerShell\v1.0\;C:\Program Files (x86)\Microsoft SQL Server\130\DTS\Binn\;C:\Program Files (x86)\GtkSharp\2.12\bin;C:\Users\Marco\AppData\Local\Microsoft\WindowsApps;C:\Program Files\Microsoft DNX\Dnvm\;C:\Program Files (x86)\Windows Kits\10\Windows Performance Toolkit\;C:\Program Files\Git\cmd;C:\Program Files (x86)\PuTTY\;C:\Program Files (x86)\Microsoft VS Code;C:\Program Files (x86)\Microsoft Emulator Manager\1.0\;C:\Program Files\Microsoft SQL Server\Client SDK\ODBC\130\Tools\Binn\;C:\Program Files (x86)\Microsoft SQL Server\130\Tools\Binn\;C:\Program Files\Microsoft SQL Server\130\Tools\Binn\;C:\Program Files\Microsoft SQL Server\130\DTS\Binn\;C:\Program Files (x86)\Microsoft SQL Server\Client SDK\ODBC\130\Tools\Binn\;C:\Program Files (x86)\Microsoft SQL Server\130\Tools\Binn\ManagementStudio\;C:\Program Files (x86)\nodejs\;C:\Program Files\Microsoft SQL Server\Client SDK\ODBC\110\Tools\Binn\;C:\Program Files (x86)\Microsoft SQL Server\120\Tools\Binn\;C:\Program Files\Microsoft SQL Server\120\DTS\Binn\;C:\Program Files (x86)\LINQPad5;C:\Program Files (x86)\Skype\Phone\;C:\Program Files\dotnet\;C:\Program Files (x86)\Yarn\bin;C:\Users\Marco\Anaconda3;C:\Users\Marco\Anaconda3\Scripts;C:\Users\Marco\Anaconda3\Library\bin;C:\Users\Marco\AppData\Local\Programs\Python\Python36\Scripts\;C:\Users\Marco\AppData\Local\Programs\Python\Python36\;C:\Users\Marco\.dnx\bin;c:\python27;c:\python27\Scripts;C:\Users\Marco\AppData\Local\Microsoft\WindowsApps;C:\Users\Marco\AppData\Roaming\npm;C:\Users\Marco\AppData\Local\Yarn\.bin;C:\Program Files (x86)\Microsoft VS Code\bin;C:\Users\Marco\AppData\Local\Microsoft\WindowsApps;
10 verbose lifecycle product-management@1.0.0~start: CWD: C:\Users\Marco\Documents\GitHub\Angular2-GettingStarted\APM
11 silly lifecycle product-management@1.0.0~start: Args: [ '/d /s /c', 'tsc && concurrently "tsc -w" "lite-server" ' ]
12 verbose stack Error: kill ENOSYS
12 verbose stack     at exports._errnoException (util.js:1022:11)
12 verbose stack     at process.kill (internal/process.js:172:13)
12 verbose stack     at process.listener (C:\Program Files (x86)\nodejs\node_modules\npm\node_modules\npmlog\node_modules\gauge\node_modules\signal-exit\index.js:86:15)
12 verbose stack     at emitNone (events.js:91:20)
12 verbose stack     at process.emit (events.js:185:7)
12 verbose stack     at processEmit (C:\Program Files (x86)\nodejs\node_modules\npm\node_modules\npmlog\node_modules\gauge\node_modules\signal-exit\index.js:146:32)
12 verbose stack     at processEmit (C:\Program Files (x86)\nodejs\node_modules\npm\node_modules\npm-registry-client\node_modules\npmlog\node_modules\gauge\node_modules\signal-exit\index.js:146:32)
12 verbose stack     at Signal.wrap.onsignal (internal/process.js:199:44)
13 verbose cwd C:\Users\Marco\Documents\GitHub\Angular2-GettingStarted\APM
14 error Windows_NT 10.0.15058
15 error argv "C:\\Program Files (x86)\\nodejs\\node.exe" "C:\\Program Files (x86)\\nodejs\\node_modules\\npm\\bin\\npm-cli.js" "start"
16 error node v6.10.0
17 error npm  v3.10.10
18 error code ENOSYS
19 error errno ENOSYS
20 error syscall kill
21 error kill ENOSYS
22 error If you need help, you may report this error at:
22 error     <https://github.com/npm/npm/issues>
23 verbose exit [ 1, true ]
